<?xml version="1.0" encoding="UTF-8"?>
<coverage generated="1690140864624" clover="3.2.0">
  <project timestamp="1690140864624" name="All files">
    <metrics statements="10" coveredstatements="10" conditionals="11" coveredconditionals="10" methods="4" coveredmethods="4" elements="25" coveredelements="24" complexity="0" loc="10" ncloc="10" packages="1" files="1" classes="1"/>
    <file name="app.js" path="/Users/andolmatova/OTUS/learning-qa-js-2023-06/src/functions/app.js">
      <metrics statements="10" coveredstatements="10" conditionals="11" coveredconditionals="10" methods="4" coveredmethods="4"/>
      <line num="7" count="4" type="cond" truecount="3" falsecount="0"/>
      <line num="16" count="4" type="cond" truecount="2" falsecount="0"/>
      <line num="30" count="1" type="cond" truecount="1" falsecount="1"/>
      <line num="31" count="4" type="cond" truecount="2" falsecount="0"/>
      <line num="32" count="1" type="stmt"/>
      <line num="34" count="3" type="cond" truecount="2" falsecount="0"/>
      <line num="35" count="1" type="stmt"/>
      <line num="37" count="2" type="stmt"/>
      <line num="38" count="4" type="stmt"/>
      <line num="40" count="2" type="stmt"/>
    </file>
  </project>
</coverage>
