{"/Users/andolmatova/OTUS/learning-qa-js-2023-06/src/functions/app.js": {"path":"/Users/andolmatova/OTUS/learning-qa-js-2023-06/src/functions/app.js","statementMap":{"0":{"start":{"line":7,"column":27},"end":{"line":7,"column":86}},"1":{"start":{"line":7,"column":37},"end":{"line":7,"column":86}},"2":{"start":{"line":16,"column":24},"end":{"line":16,"column":65}},"3":{"start":{"line":16,"column":34},"end":{"line":16,"column":65}},"4":{"start":{"line":30,"column":24},"end":{"line":41,"column":1}},"5":{"start":{"line":31,"column":2},"end":{"line":33,"column":3}},"6":{"start":{"line":32,"column":4},"end":{"line":32,"column":48}},"7":{"start":{"line":34,"column":2},"end":{"line":36,"column":3}},"8":{"start":{"line":35,"column":4},"end":{"line":35,"column":65}},"9":{"start":{"line":37,"column":16},"end":{"line":39,"column":7}},"10":{"start":{"line":38,"column":4},"end":{"line":38,"column":43}},"11":{"start":{"line":40,"column":2},"end":{"line":40,"column":39}}},"fnMap":{"0":{"name":"(anonymous_0)","decl":{"start":{"line":7,"column":27},"end":{"line":7,"column":28}},"loc":{"start":{"line":7,"column":37},"end":{"line":7,"column":86}},"line":7},"1":{"name":"(anonymous_1)","decl":{"start":{"line":16,"column":24},"end":{"line":16,"column":25}},"loc":{"start":{"line":16,"column":34},"end":{"line":16,"column":65}},"line":16},"2":{"name":"(anonymous_2)","decl":{"start":{"line":30,"column":24},"end":{"line":30,"column":25}},"loc":{"start":{"line":30,"column":54},"end":{"line":41,"column":1}},"line":30},"3":{"name":"(anonymous_3)","decl":{"start":{"line":37,"column":29},"end":{"line":37,"column":30}},"loc":{"start":{"line":37,"column":44},"end":{"line":39,"column":3}},"line":37}},"branchMap":{"0":{"loc":{"start":{"line":7,"column":37},"end":{"line":7,"column":86}},"type":"binary-expr","locations":[{"start":{"line":7,"column":37},"end":{"line":7,"column":43}},{"start":{"line":7,"column":47},"end":{"line":7,"column":63}},{"start":{"line":7,"column":67},"end":{"line":7,"column":86}}],"line":7},"1":{"loc":{"start":{"line":16,"column":35},"end":{"line":16,"column":45}},"type":"binary-expr","locations":[{"start":{"line":16,"column":35},"end":{"line":16,"column":39}},{"start":{"line":16,"column":43},"end":{"line":16,"column":45}}],"line":16},"2":{"loc":{"start":{"line":30,"column":25},"end":{"line":30,"column":35}},"type":"default-arg","locations":[{"start":{"line":30,"column":33},"end":{"line":30,"column":35}}],"line":30},"3":{"loc":{"start":{"line":30,"column":37},"end":{"line":30,"column":49}},"type":"default-arg","locations":[{"start":{"line":30,"column":48},"end":{"line":30,"column":49}}],"line":30},"4":{"loc":{"start":{"line":31,"column":2},"end":{"line":33,"column":3}},"type":"if","locations":[{"start":{"line":31,"column":2},"end":{"line":33,"column":3}},{"start":{},"end":{}}],"line":31},"5":{"loc":{"start":{"line":34,"column":2},"end":{"line":36,"column":3}},"type":"if","locations":[{"start":{"line":34,"column":2},"end":{"line":36,"column":3}},{"start":{},"end":{}}],"line":34}},"s":{"0":1,"1":4,"2":1,"3":4,"4":1,"5":4,"6":1,"7":3,"8":1,"9":2,"10":4,"11":2},"f":{"0":4,"1":4,"2":4,"3":4},"b":{"0":[4,4,3],"1":[4,1],"2":[0],"3":[1],"4":[1,3],"5":[1,2]},"_coverageSchema":"1a1c01bbd47fc00a2c39e90264f33305004495a9","hash":"5fa5159607fc3a00cdefa4275caa7eee1d45c333"}
}
